<?xml version="1.0" encoding="UTF-8"?>
<!-- Generated by org.testng.reporters.JUnitXMLReporter -->
<testsuite ignored="0" hostname="DESKTOP-HOBCA4B" failures="0" tests="4" name="Test" time="93.372" errors="0" timestamp="2022-03-01T16:31:33 IST">
  <testcase classname="TestClass.Test2" name="likeOnFirstPost" time="2.423"/>
  <testcase classname="TestClass.Test1" name="sendPostToUser" time="6.856"/>
  <testcase classname="TestClass.Test2" name="verifyDeepikaProfile" time="19.278"/>
  <testcase classname="TestClass.Test1" name="verifyAkshayProfile" time="25.774"/>
</testsuite> <!-- Test -->
