<?xml version="1.0" encoding="UTF-8"?>
<!-- Generated by org.testng.reporters.JUnitXMLReporter -->
<testsuite ignored="0" hostname="DESKTOP-HOBCA4B" failures="0" tests="4" name="ChromeTest" time="75.854" errors="0" timestamp="2022-03-02T14:58:11 IST">
  <testcase classname="testClass.TestClass1" name="AmazonSciencePage" time="9.292"/>
  <testcase classname="testClass.TestClass1" name="verifyBabyWishList" time="4.801"/>
  <testcase classname="testClass.TestClass2" name="verifyCart" time="16.645"/>
  <testcase classname="testClass.TestClass2" name="verifyProductPage" time="0.069"/>
</testsuite> <!-- ChromeTest -->
