<?xml version="1.0" encoding="UTF-8"?>
<!-- Generated by org.testng.reporters.JUnitXMLReporter -->
<testsuite ignored="0" hostname="DESKTOP-HOBCA4B" failures="0" tests="4" name="EdgeTest" time="97.898" errors="0" timestamp="2022-03-02T14:49:45 IST">
  <testcase classname="testClass.TestClass1" name="AmazonSciencePage" time="14.863"/>
  <testcase classname="testClass.TestClass1" name="verifyBabyWishList" time="6.303"/>
  <testcase classname="testClass.TestClass2" name="verifyCart" time="22.24"/>
  <testcase classname="testClass.TestClass2" name="verifyProductPage" time="0.075"/>
</testsuite> <!-- EdgeTest -->
