<?xml version="1.0" encoding="UTF-8"?>
<testng-results ignored="0" total="1" passed="1" failed="0" skipped="0">
  <reporter-output>
  </reporter-output>
  <suite started-at="2022-03-23T08:59:17 IST" name="Default suite" finished-at="2022-03-23T08:59:17 IST" duration-ms="87">
    <groups>
    </groups>
    <test started-at="2022-03-23T08:59:17 IST" name="Default test" finished-at="2022-03-23T08:59:17 IST" duration-ms="87">
      <class name="basics.Test123">
        <test-method is-config="true" signature="beforeTest()[pri:0, instance:basics.Test123@120f102b]" started-at="2022-03-23T08:59:17 IST" name="beforeTest" finished-at="2022-03-23T08:59:17 IST" duration-ms="12" status="PASS">
          <reporter-output>
          </reporter-output>
        </test-method> <!-- beforeTest -->
        <test-method is-config="true" signature="beforeClass()[pri:0, instance:basics.Test123@120f102b]" started-at="2022-03-23T08:59:17 IST" name="beforeClass" finished-at="2022-03-23T08:59:17 IST" duration-ms="1" status="PASS">
          <reporter-output>
          </reporter-output>
        </test-method> <!-- beforeClass -->
        <test-method is-config="true" signature="beforeMethod()[pri:0, instance:basics.Test123@120f102b]" started-at="2022-03-23T08:59:17 IST" name="beforeMethod" finished-at="2022-03-23T08:59:17 IST" duration-ms="0" status="PASS">
          <reporter-output>
          </reporter-output>
        </test-method> <!-- beforeMethod -->
        <test-method signature="test1234()[pri:0, instance:basics.Test123@120f102b]" started-at="2022-03-23T08:59:17 IST" name="test1234" finished-at="2022-03-23T08:59:17 IST" duration-ms="9" status="PASS">
          <reporter-output>
          </reporter-output>
        </test-method> <!-- test1234 -->
        <test-method is-config="true" signature="afterMethod()[pri:0, instance:basics.Test123@120f102b]" started-at="2022-03-23T08:59:17 IST" name="afterMethod" finished-at="2022-03-23T08:59:17 IST" duration-ms="1" status="PASS">
          <reporter-output>
          </reporter-output>
        </test-method> <!-- afterMethod -->
        <test-method is-config="true" signature="afterClass()[pri:0, instance:basics.Test123@120f102b]" started-at="2022-03-23T08:59:17 IST" name="afterClass" finished-at="2022-03-23T08:59:17 IST" duration-ms="1" status="PASS">
          <reporter-output>
          </reporter-output>
        </test-method> <!-- afterClass -->
        <test-method is-config="true" signature="afterTest()[pri:0, instance:basics.Test123@120f102b]" started-at="2022-03-23T08:59:17 IST" name="afterTest" finished-at="2022-03-23T08:59:17 IST" duration-ms="0" status="PASS">
          <reporter-output>
          </reporter-output>
        </test-method> <!-- afterTest -->
      </class> <!-- basics.Test123 -->
    </test> <!-- Default test -->
  </suite> <!-- Default suite -->
</testng-results>
