<?xml version="1.0" encoding="UTF-8"?>
<!-- Generated by org.testng.reporters.JUnitXMLReporter -->
<testsuite ignored="0" hostname="DESKTOP-HOBCA4B" failures="0" tests="4" name="ChromeTest" time="96.044" errors="0" timestamp="2022-03-10T18:11:25 IST">
  <testcase classname="TestClass.Test2" name="verifyReportTab" time="22.414"/>
  <testcase classname="TestClass.Test2" name="verifyTaskTab" time="2.342"/>
  <testcase classname="TestClass.Test1" name="createTask" time="34.844"/>
  <testcase classname="TestClass.Test1" name="verifyUserTab" time="9.302"/>
</testsuite> <!-- ChromeTest -->
