<?xml version="1.0" encoding="UTF-8"?>
<!-- Generated by org.testng.reporters.JUnitXMLReporter -->
<testsuite ignored="0" hostname="DESKTOP-HOBCA4B" failures="0" tests="4" name="EdgeTest" time="117.34" errors="0" timestamp="2022-03-10T18:13:23 IST">
  <testcase classname="TestClass.Test2" name="verifyReportTab" time="40.598"/>
  <testcase classname="TestClass.Test2" name="verifyTaskTab" time="2.699"/>
  <testcase classname="TestClass.Test1" name="createTask" time="56.016"/>
  <testcase classname="TestClass.Test1" name="verifyUserTab" time="10.097"/>
</testsuite> <!-- EdgeTest -->
