<?xml version="1.0" encoding="UTF-8"?>
<!-- Generated by org.testng.reporters.JUnitXMLReporter -->
<testsuite ignored="0" hostname="DESKTOP-HOBCA4B" failures="0" tests="4" name="Test" time="60.084" errors="0" timestamp="2022-03-02T20:56:05 IST">
  <testcase classname="TestClass.Test2" name="verifyReportTab" time="12.828"/>
  <testcase classname="TestClass.Test2" name="verifyTaskTab" time="1.632"/>
  <testcase classname="TestClass.Test1" name="createTask" time="27.389"/>
  <testcase classname="TestClass.Test1" name="verifyUserTab" time="6.29"/>
</testsuite> <!-- Test -->
