<?xml version="1.0" encoding="UTF-8"?>
<testng-results ignored="0" total="8" passed="8" failed="0" skipped="0">
  <reporter-output>
  </reporter-output>
  <suite started-at="2022-03-10T23:27:53 IST" name="PaytmSuite" finished-at="2022-03-10T23:29:51 IST" duration-ms="118210">
    <groups>
    </groups>
    <test started-at="2022-03-10T23:27:53 IST" name="ChromeTest" finished-at="2022-03-10T23:28:34 IST" duration-ms="40426">
      <class name="TestClass.TestClass2">
        <test-method is-config="true" signature="launchBrowser(java.lang.String)[pri:0, instance:TestClass.TestClass2@3232a28a]" started-at="2022-03-10T23:27:59 IST" name="launchBrowser" finished-at="2022-03-10T23:28:02 IST" duration-ms="3517" status="PASS">
          <params>
            <param index="0">
              <value>
                <![CDATA[Chrome]]>
              </value>
            </param>
          </params>
          <reporter-output>
          </reporter-output>
        </test-method> <!-- launchBrowser -->
        <test-method is-config="true" signature="createObjectOfPOMClasses()[pri:0, instance:TestClass.TestClass2@3232a28a]" started-at="2022-03-10T23:28:02 IST" name="createObjectOfPOMClasses" finished-at="2022-03-10T23:28:02 IST" duration-ms="67" status="PASS">
          <reporter-output>
          </reporter-output>
        </test-method> <!-- createObjectOfPOMClasses -->
        <test-method is-config="true" signature="loginToApplication()[pri:0, instance:TestClass.TestClass2@3232a28a]" started-at="2022-03-10T23:28:02 IST" name="loginToApplication" finished-at="2022-03-10T23:28:09 IST" duration-ms="6943" status="PASS">
          <reporter-output>
          </reporter-output>
        </test-method> <!-- loginToApplication -->
        <test-method signature="verifyrechargeModule()[pri:1, instance:TestClass.TestClass2@3232a28a]" started-at="2022-03-10T23:28:09 IST" name="verifyrechargeModule" finished-at="2022-03-10T23:28:14 IST" duration-ms="4646" status="PASS">
          <reporter-output>
          </reporter-output>
        </test-method> <!-- verifyrechargeModule -->
        <test-method is-config="true" signature="logout()[pri:0, instance:TestClass.TestClass2@3232a28a]" started-at="2022-03-10T23:28:14 IST" name="logout" finished-at="2022-03-10T23:28:14 IST" duration-ms="0" status="PASS">
          <reporter-output>
          </reporter-output>
        </test-method> <!-- logout -->
        <test-method is-config="true" signature="loginToApplication()[pri:0, instance:TestClass.TestClass2@3232a28a]" started-at="2022-03-10T23:28:14 IST" name="loginToApplication" finished-at="2022-03-10T23:28:15 IST" duration-ms="1370" status="PASS">
          <reporter-output>
          </reporter-output>
        </test-method> <!-- loginToApplication -->
        <test-method signature="verifyBusTicket()[pri:2, instance:TestClass.TestClass2@3232a28a]" started-at="2022-03-10T23:28:15 IST" name="verifyBusTicket" finished-at="2022-03-10T23:28:32 IST" duration-ms="16534" status="PASS">
          <reporter-output>
          </reporter-output>
        </test-method> <!-- verifyBusTicket -->
        <test-method is-config="true" signature="logout()[pri:0, instance:TestClass.TestClass2@3232a28a]" started-at="2022-03-10T23:28:32 IST" name="logout" finished-at="2022-03-10T23:28:32 IST" duration-ms="1" status="PASS">
          <reporter-output>
          </reporter-output>
        </test-method> <!-- logout -->
        <test-method is-config="true" signature="clearPOMObject()[pri:0, instance:TestClass.TestClass2@3232a28a]" started-at="2022-03-10T23:28:32 IST" name="clearPOMObject" finished-at="2022-03-10T23:28:32 IST" duration-ms="0" status="PASS">
          <reporter-output>
          </reporter-output>
        </test-method> <!-- clearPOMObject -->
        <test-method is-config="true" signature="closeBrowser()[pri:0, instance:TestClass.TestClass2@3232a28a]" started-at="2022-03-10T23:28:33 IST" name="closeBrowser" finished-at="2022-03-10T23:28:34 IST" duration-ms="650" status="PASS">
          <reporter-output>
          </reporter-output>
        </test-method> <!-- closeBrowser -->
      </class> <!-- TestClass.TestClass2 -->
      <class name="TestClass.TestClass1">
        <test-method is-config="true" signature="launchBrowser(java.lang.String)[pri:0, instance:TestClass.TestClass1@16610890]" started-at="2022-03-10T23:27:53 IST" name="launchBrowser" finished-at="2022-03-10T23:27:59 IST" duration-ms="5545" status="PASS">
          <params>
            <param index="0">
              <value>
                <![CDATA[Chrome]]>
              </value>
            </param>
          </params>
          <reporter-output>
          </reporter-output>
        </test-method> <!-- launchBrowser -->
        <test-method is-config="true" signature="createObjectOfPOMClasses()[pri:0, instance:TestClass.TestClass1@16610890]" started-at="2022-03-10T23:28:02 IST" name="createObjectOfPOMClasses" finished-at="2022-03-10T23:28:02 IST" duration-ms="48" status="PASS">
          <reporter-output>
          </reporter-output>
        </test-method> <!-- createObjectOfPOMClasses -->
        <test-method is-config="true" signature="launchApllication()[pri:0, instance:TestClass.TestClass1@16610890]" started-at="2022-03-10T23:28:02 IST" name="launchApllication" finished-at="2022-03-10T23:28:10 IST" duration-ms="7615" status="PASS">
          <reporter-output>
          </reporter-output>
        </test-method> <!-- launchApllication -->
        <test-method signature="getCustomerNumber()[pri:0, instance:TestClass.TestClass1@16610890]" started-at="2022-03-10T23:28:10 IST" name="getCustomerNumber" finished-at="2022-03-10T23:28:12 IST" duration-ms="2041" status="PASS">
          <reporter-output>
          </reporter-output>
        </test-method> <!-- getCustomerNumber -->
        <test-method is-config="true" signature="logout(org.testng.ITestResult)[pri:0, instance:TestClass.TestClass1@16610890]" started-at="2022-03-10T23:28:12 IST" name="logout" finished-at="2022-03-10T23:28:12 IST" duration-ms="2" status="PASS">
          <params>
            <param index="0">
              <value>
                <![CDATA[[TestResult name=getCustomerNumber status=SUCCESS method=TestClass1.getCustomerNumber()[pri:0, instance:TestClass.TestClass1@16610890] output={null}]]]>
              </value>
            </param>
          </params>
          <reporter-output>
          </reporter-output>
        </test-method> <!-- logout -->
        <test-method is-config="true" signature="launchApllication()[pri:0, instance:TestClass.TestClass1@16610890]" started-at="2022-03-10T23:28:12 IST" name="launchApllication" finished-at="2022-03-10T23:28:15 IST" duration-ms="2582" status="PASS">
          <reporter-output>
          </reporter-output>
        </test-method> <!-- launchApllication -->
        <test-method signature="verifyRentModuleModule()[pri:0, instance:TestClass.TestClass1@16610890]" started-at="2022-03-10T23:28:15 IST" name="verifyRentModuleModule" finished-at="2022-03-10T23:28:20 IST" duration-ms="5219" status="PASS">
          <reporter-output>
          </reporter-output>
        </test-method> <!-- verifyRentModuleModule -->
        <test-method is-config="true" signature="logout(org.testng.ITestResult)[pri:0, instance:TestClass.TestClass1@16610890]" started-at="2022-03-10T23:28:20 IST" name="logout" finished-at="2022-03-10T23:28:20 IST" duration-ms="1" status="PASS">
          <params>
            <param index="0">
              <value>
                <![CDATA[[TestResult name=verifyRentModuleModule status=SUCCESS method=TestClass1.verifyRentModuleModule()[pri:0, instance:TestClass.TestClass1@16610890] output={null}]]]>
              </value>
            </param>
          </params>
          <reporter-output>
          </reporter-output>
        </test-method> <!-- logout -->
        <test-method is-config="true" signature="clearPOMObject()[pri:0, instance:TestClass.TestClass1@16610890]" started-at="2022-03-10T23:28:20 IST" name="clearPOMObject" finished-at="2022-03-10T23:28:20 IST" duration-ms="1" status="PASS">
          <reporter-output>
          </reporter-output>
        </test-method> <!-- clearPOMObject -->
        <test-method is-config="true" signature="closeBrowser()[pri:0, instance:TestClass.TestClass1@16610890]" started-at="2022-03-10T23:28:32 IST" name="closeBrowser" finished-at="2022-03-10T23:28:33 IST" duration-ms="1076" status="PASS">
          <reporter-output>
          </reporter-output>
        </test-method> <!-- closeBrowser -->
      </class> <!-- TestClass.TestClass1 -->
    </test> <!-- ChromeTest -->
    <test started-at="2022-03-10T23:28:34 IST" name="EdgeTest" finished-at="2022-03-10T23:29:51 IST" duration-ms="77526">
      <class name="TestClass.TestClass2">
        <test-method is-config="true" signature="launchBrowser(java.lang.String)[pri:0, instance:TestClass.TestClass2@17497425]" started-at="2022-03-10T23:28:52 IST" name="launchBrowser" finished-at="2022-03-10T23:28:55 IST" duration-ms="3764" status="PASS">
          <params>
            <param index="0">
              <value>
                <![CDATA[Edge]]>
              </value>
            </param>
          </params>
          <reporter-output>
          </reporter-output>
        </test-method> <!-- launchBrowser -->
        <test-method is-config="true" signature="createObjectOfPOMClasses()[pri:0, instance:TestClass.TestClass2@17497425]" started-at="2022-03-10T23:28:55 IST" name="createObjectOfPOMClasses" finished-at="2022-03-10T23:28:55 IST" duration-ms="8" status="PASS">
          <reporter-output>
          </reporter-output>
        </test-method> <!-- createObjectOfPOMClasses -->
        <test-method is-config="true" signature="loginToApplication()[pri:0, instance:TestClass.TestClass2@17497425]" started-at="2022-03-10T23:28:55 IST" name="loginToApplication" finished-at="2022-03-10T23:29:08 IST" duration-ms="12940" status="PASS">
          <reporter-output>
          </reporter-output>
        </test-method> <!-- loginToApplication -->
        <test-method signature="verifyrechargeModule()[pri:1, instance:TestClass.TestClass2@17497425]" started-at="2022-03-10T23:29:08 IST" name="verifyrechargeModule" finished-at="2022-03-10T23:29:20 IST" duration-ms="11172" status="PASS">
          <reporter-output>
          </reporter-output>
        </test-method> <!-- verifyrechargeModule -->
        <test-method is-config="true" signature="logout()[pri:0, instance:TestClass.TestClass2@17497425]" started-at="2022-03-10T23:29:20 IST" name="logout" finished-at="2022-03-10T23:29:20 IST" duration-ms="1" status="PASS">
          <reporter-output>
          </reporter-output>
        </test-method> <!-- logout -->
        <test-method is-config="true" signature="loginToApplication()[pri:0, instance:TestClass.TestClass2@17497425]" started-at="2022-03-10T23:29:20 IST" name="loginToApplication" finished-at="2022-03-10T23:29:21 IST" duration-ms="1810" status="PASS">
          <reporter-output>
          </reporter-output>
        </test-method> <!-- loginToApplication -->
        <test-method signature="verifyBusTicket()[pri:2, instance:TestClass.TestClass2@17497425]" started-at="2022-03-10T23:29:21 IST" name="verifyBusTicket" finished-at="2022-03-10T23:29:48 IST" duration-ms="26117" status="PASS">
          <reporter-output>
          </reporter-output>
        </test-method> <!-- verifyBusTicket -->
        <test-method is-config="true" signature="clearPOMObject()[pri:0, instance:TestClass.TestClass2@17497425]" started-at="2022-03-10T23:29:48 IST" name="clearPOMObject" finished-at="2022-03-10T23:29:48 IST" duration-ms="1" status="PASS">
          <reporter-output>
          </reporter-output>
        </test-method> <!-- clearPOMObject -->
        <test-method is-config="true" signature="logout()[pri:0, instance:TestClass.TestClass2@17497425]" started-at="2022-03-10T23:29:48 IST" name="logout" finished-at="2022-03-10T23:29:48 IST" duration-ms="0" status="PASS">
          <reporter-output>
          </reporter-output>
        </test-method> <!-- logout -->
        <test-method is-config="true" signature="closeBrowser()[pri:0, instance:TestClass.TestClass2@17497425]" started-at="2022-03-10T23:29:49 IST" name="closeBrowser" finished-at="2022-03-10T23:29:51 IST" duration-ms="2468" status="PASS">
          <reporter-output>
          </reporter-output>
        </test-method> <!-- closeBrowser -->
      </class> <!-- TestClass.TestClass2 -->
      <class name="TestClass.TestClass1">
        <test-method is-config="true" signature="launchBrowser(java.lang.String)[pri:0, instance:TestClass.TestClass1@3a44431a]" started-at="2022-03-10T23:28:34 IST" name="launchBrowser" finished-at="2022-03-10T23:28:52 IST" duration-ms="17838" status="PASS">
          <params>
            <param index="0">
              <value>
                <![CDATA[Edge]]>
              </value>
            </param>
          </params>
          <reporter-output>
          </reporter-output>
        </test-method> <!-- launchBrowser -->
        <test-method is-config="true" signature="createObjectOfPOMClasses()[pri:0, instance:TestClass.TestClass1@3a44431a]" started-at="2022-03-10T23:28:55 IST" name="createObjectOfPOMClasses" finished-at="2022-03-10T23:28:55 IST" duration-ms="8" status="PASS">
          <reporter-output>
          </reporter-output>
        </test-method> <!-- createObjectOfPOMClasses -->
        <test-method is-config="true" signature="launchApllication()[pri:0, instance:TestClass.TestClass1@3a44431a]" started-at="2022-03-10T23:28:55 IST" name="launchApllication" finished-at="2022-03-10T23:29:16 IST" duration-ms="20966" status="PASS">
          <reporter-output>
          </reporter-output>
        </test-method> <!-- launchApllication -->
        <test-method signature="getCustomerNumber()[pri:0, instance:TestClass.TestClass1@3a44431a]" started-at="2022-03-10T23:29:16 IST" name="getCustomerNumber" finished-at="2022-03-10T23:29:22 IST" duration-ms="5535" status="PASS">
          <reporter-output>
          </reporter-output>
        </test-method> <!-- getCustomerNumber -->
        <test-method is-config="true" signature="logout(org.testng.ITestResult)[pri:0, instance:TestClass.TestClass1@3a44431a]" started-at="2022-03-10T23:29:22 IST" name="logout" finished-at="2022-03-10T23:29:22 IST" duration-ms="1" status="PASS">
          <params>
            <param index="0">
              <value>
                <![CDATA[[TestResult name=getCustomerNumber status=SUCCESS method=TestClass1.getCustomerNumber()[pri:0, instance:TestClass.TestClass1@3a44431a] output={null}]]]>
              </value>
            </param>
          </params>
          <reporter-output>
          </reporter-output>
        </test-method> <!-- logout -->
        <test-method is-config="true" signature="launchApllication()[pri:0, instance:TestClass.TestClass1@3a44431a]" started-at="2022-03-10T23:29:22 IST" name="launchApllication" finished-at="2022-03-10T23:29:24 IST" duration-ms="1696" status="PASS">
          <reporter-output>
          </reporter-output>
        </test-method> <!-- launchApllication -->
        <test-method signature="verifyRentModuleModule()[pri:0, instance:TestClass.TestClass1@3a44431a]" started-at="2022-03-10T23:29:24 IST" name="verifyRentModuleModule" finished-at="2022-03-10T23:29:36 IST" duration-ms="12631" status="PASS">
          <reporter-output>
          </reporter-output>
        </test-method> <!-- verifyRentModuleModule -->
        <test-method is-config="true" signature="logout(org.testng.ITestResult)[pri:0, instance:TestClass.TestClass1@3a44431a]" started-at="2022-03-10T23:29:36 IST" name="logout" finished-at="2022-03-10T23:29:36 IST" duration-ms="1" status="PASS">
          <params>
            <param index="0">
              <value>
                <![CDATA[[TestResult name=verifyRentModuleModule status=SUCCESS method=TestClass1.verifyRentModuleModule()[pri:0, instance:TestClass.TestClass1@3a44431a] output={null}]]]>
              </value>
            </param>
          </params>
          <reporter-output>
          </reporter-output>
        </test-method> <!-- logout -->
        <test-method is-config="true" signature="clearPOMObject()[pri:0, instance:TestClass.TestClass1@3a44431a]" started-at="2022-03-10T23:29:36 IST" name="clearPOMObject" finished-at="2022-03-10T23:29:36 IST" duration-ms="1" status="PASS">
          <reporter-output>
          </reporter-output>
        </test-method> <!-- clearPOMObject -->
        <test-method is-config="true" signature="closeBrowser()[pri:0, instance:TestClass.TestClass1@3a44431a]" started-at="2022-03-10T23:29:48 IST" name="closeBrowser" finished-at="2022-03-10T23:29:49 IST" duration-ms="1380" status="PASS">
          <reporter-output>
          </reporter-output>
        </test-method> <!-- closeBrowser -->
      </class> <!-- TestClass.TestClass1 -->
    </test> <!-- EdgeTest -->
  </suite> <!-- PaytmSuite -->
</testng-results>
