<?xml version="1.0" encoding="UTF-8"?>
<!-- Generated by org.testng.reporters.JUnitXMLReporter -->
<testsuite ignored="0" hostname="DESKTOP-HOBCA4B" failures="0" tests="4" name="ChromeTest" time="72.619" errors="0" timestamp="2022-03-10T23:10:51 IST">
  <testcase classname="TestClass.Test1" name="VerifyMousePad" time="10.816"/>
  <testcase classname="TestClass.Test2" name="AddToCartProduct" time="22.458"/>
  <testcase classname="TestClass.Test1" name="getCustomerNumber" time="17.177"/>
  <testcase classname="TestClass.Test2" name="AddToCartShirt" time="19.163"/>
</testsuite> <!-- ChromeTest -->
