<?xml version="1.0" encoding="UTF-8"?>
<!-- Generated by org.testng.reporters.JUnitXMLReporter -->
<testsuite ignored="0" hostname="DESKTOP-HOBCA4B" failures="0" tests="4" name="EdgeTest" time="93.992" errors="0" timestamp="2022-03-10T23:12:26 IST">
  <testcase classname="TestClass.Test2" name="AddToCartProduct" time="18.817"/>
  <testcase classname="TestClass.Test1" name="VerifyMousePad" time="20.131"/>
  <testcase classname="TestClass.Test1" name="getCustomerNumber" time="12.874"/>
  <testcase classname="TestClass.Test2" name="AddToCartShirt" time="22.058"/>
</testsuite> <!-- EdgeTest -->
