<?xml version="1.0" encoding="UTF-8"?>
<!-- Generated by org.testng.reporters.JUnitXMLReporter -->
<testsuite ignored="0" hostname="DESKTOP-HOBCA4B" failures="0" tests="4" name="FirefoxTest" time="176.49" errors="0" timestamp="2022-03-10T22:33:33 IST">
  <testcase classname="TestClass.Test2" name="AddToCartProduct" time="17.728"/>
  <testcase classname="TestClass.Test1" name="VerifyMousePad" time="17.646"/>
  <testcase classname="TestClass.Test2" name="AddToCartShirt" time="12.955"/>
  <testcase classname="TestClass.Test1" name="getCustomerNumber" time="23.604"/>
</testsuite> <!-- FirefoxTest -->
