<?xml version="1.0" encoding="UTF-8"?>
<!-- Generated by org.testng.reporters.JUnitXMLReporter -->
<testsuite ignored="0" hostname="DESKTOP-HOBCA4B" failures="0" tests="4" name="Test" time="50.208" errors="0" timestamp="2022-03-01T18:04:35 IST">
  <testcase classname="TestClass.Test2" name="AddToCartProduct" time="6.822"/>
  <testcase classname="TestClass.Test2" name="AddToCartShirt" time="6.1"/>
  <testcase classname="TestClass.Test1" name="VerifyMousePad" time="5.518"/>
  <testcase classname="TestClass.Test1" name="getCustomerNumber" time="3.424"/>
</testsuite> <!-- Test -->
