<?xml version="1.0" encoding="UTF-8"?>
<testng-results ignored="0" total="8" passed="8" failed="0" skipped="0">
  <reporter-output>
  </reporter-output>
  <suite started-at="2022-03-10T18:09:49 IST" name="ActiTimeSuite" finished-at="2022-03-10T18:13:23 IST" duration-ms="213673">
    <groups>
    </groups>
    <test started-at="2022-03-10T18:09:49 IST" name="ChromeTest" finished-at="2022-03-10T18:11:25 IST" duration-ms="96044">
      <class name="TestClass.Test1">
        <test-method is-config="true" signature="launchBrowser(java.lang.String)[pri:0, instance:TestClass.Test1@6da21078]" started-at="2022-03-10T18:09:49 IST" name="launchBrowser" finished-at="2022-03-10T18:10:05 IST" duration-ms="16627" status="PASS">
          <params>
            <param index="0">
              <value>
                <![CDATA[Chrome]]>
              </value>
            </param>
          </params>
          <reporter-output>
          </reporter-output>
        </test-method> <!-- launchBrowser -->
        <test-method is-config="true" signature="createObjectOfPOMClasses()[pri:0, instance:TestClass.Test1@6da21078]" started-at="2022-03-10T18:10:09 IST" name="createObjectOfPOMClasses" finished-at="2022-03-10T18:10:09 IST" duration-ms="734" status="PASS">
          <reporter-output>
          </reporter-output>
        </test-method> <!-- createObjectOfPOMClasses -->
        <test-method is-config="true" signature="launchApplication()[pri:0, instance:TestClass.Test1@6da21078]" started-at="2022-03-10T18:10:09 IST" name="launchApplication" finished-at="2022-03-10T18:10:31 IST" duration-ms="21525" status="PASS">
          <reporter-output>
          </reporter-output>
        </test-method> <!-- launchApplication -->
        <test-method signature="createTask()[pri:0, instance:TestClass.Test1@6da21078]" started-at="2022-03-10T18:10:31 IST" name="createTask" finished-at="2022-03-10T18:11:06 IST" duration-ms="34844" status="PASS">
          <reporter-output>
          </reporter-output>
        </test-method> <!-- createTask -->
        <test-method is-config="true" signature="logout()[pri:0, instance:TestClass.Test1@6da21078]" started-at="2022-03-10T18:11:06 IST" name="logout" finished-at="2022-03-10T18:11:08 IST" duration-ms="2344" status="PASS">
          <reporter-output>
          </reporter-output>
        </test-method> <!-- logout -->
        <test-method is-config="true" signature="launchApplication()[pri:0, instance:TestClass.Test1@6da21078]" started-at="2022-03-10T18:11:08 IST" name="launchApplication" finished-at="2022-03-10T18:11:11 IST" duration-ms="2805" status="PASS">
          <reporter-output>
          </reporter-output>
        </test-method> <!-- launchApplication -->
        <test-method signature="verifyUserTab()[pri:0, instance:TestClass.Test1@6da21078]" started-at="2022-03-10T18:11:11 IST" name="verifyUserTab" finished-at="2022-03-10T18:11:20 IST" duration-ms="9302" status="PASS">
          <reporter-output>
          </reporter-output>
        </test-method> <!-- verifyUserTab -->
        <test-method is-config="true" signature="logout()[pri:0, instance:TestClass.Test1@6da21078]" started-at="2022-03-10T18:11:20 IST" name="logout" finished-at="2022-03-10T18:11:22 IST" duration-ms="2352" status="PASS">
          <reporter-output>
          </reporter-output>
        </test-method> <!-- logout -->
        <test-method is-config="true" signature="clearPOMObject()[pri:0, instance:TestClass.Test1@6da21078]" started-at="2022-03-10T18:11:22 IST" name="clearPOMObject" finished-at="2022-03-10T18:11:22 IST" duration-ms="1" status="PASS">
          <reporter-output>
          </reporter-output>
        </test-method> <!-- clearPOMObject -->
        <test-method is-config="true" signature="closeBrowser()[pri:0, instance:TestClass.Test1@6da21078]" started-at="2022-03-10T18:11:22 IST" name="closeBrowser" finished-at="2022-03-10T18:11:24 IST" duration-ms="1411" status="PASS">
          <reporter-output>
          </reporter-output>
        </test-method> <!-- closeBrowser -->
      </class> <!-- TestClass.Test1 -->
      <class name="TestClass.Test2">
        <test-method is-config="true" signature="launchBrowser(java.lang.String)[pri:0, instance:TestClass.Test2@5562c41e]" started-at="2022-03-10T18:10:05 IST" name="launchBrowser" finished-at="2022-03-10T18:10:08 IST" duration-ms="3012" status="PASS">
          <params>
            <param index="0">
              <value>
                <![CDATA[Chrome]]>
              </value>
            </param>
          </params>
          <reporter-output>
          </reporter-output>
        </test-method> <!-- launchBrowser -->
        <test-method is-config="true" signature="createObjectOfPOMClasses()[pri:0, instance:TestClass.Test2@5562c41e]" started-at="2022-03-10T18:10:09 IST" name="createObjectOfPOMClasses" finished-at="2022-03-10T18:10:09 IST" duration-ms="613" status="PASS">
          <reporter-output>
          </reporter-output>
        </test-method> <!-- createObjectOfPOMClasses -->
        <test-method is-config="true" signature="loginToApplication()[pri:0, instance:TestClass.Test2@5562c41e]" started-at="2022-03-10T18:10:09 IST" name="loginToApplication" finished-at="2022-03-10T18:10:31 IST" duration-ms="21594" status="PASS">
          <reporter-output>
          </reporter-output>
        </test-method> <!-- loginToApplication -->
        <test-method signature="verifyReportTab()[pri:0, instance:TestClass.Test2@5562c41e]" started-at="2022-03-10T18:10:31 IST" name="verifyReportTab" finished-at="2022-03-10T18:10:53 IST" duration-ms="22414" status="PASS">
          <reporter-output>
          </reporter-output>
        </test-method> <!-- verifyReportTab -->
        <test-method is-config="true" signature="Logout()[pri:0, instance:TestClass.Test2@5562c41e]" started-at="2022-03-10T18:10:53 IST" name="Logout" finished-at="2022-03-10T18:10:54 IST" duration-ms="512" status="PASS">
          <reporter-output>
          </reporter-output>
        </test-method> <!-- Logout -->
        <test-method is-config="true" signature="loginToApplication()[pri:0, instance:TestClass.Test2@5562c41e]" started-at="2022-03-10T18:10:54 IST" name="loginToApplication" finished-at="2022-03-10T18:10:56 IST" duration-ms="2747" status="PASS">
          <reporter-output>
          </reporter-output>
        </test-method> <!-- loginToApplication -->
        <test-method signature="verifyTaskTab()[pri:0, instance:TestClass.Test2@5562c41e]" started-at="2022-03-10T18:10:56 IST" name="verifyTaskTab" finished-at="2022-03-10T18:10:59 IST" duration-ms="2342" status="PASS">
          <reporter-output>
          </reporter-output>
        </test-method> <!-- verifyTaskTab -->
        <test-method is-config="true" signature="Logout()[pri:0, instance:TestClass.Test2@5562c41e]" started-at="2022-03-10T18:10:59 IST" name="Logout" finished-at="2022-03-10T18:10:59 IST" duration-ms="379" status="PASS">
          <reporter-output>
          </reporter-output>
        </test-method> <!-- Logout -->
        <test-method is-config="true" signature="clearPOMObject()[pri:0, instance:TestClass.Test2@5562c41e]" started-at="2022-03-10T18:10:59 IST" name="clearPOMObject" finished-at="2022-03-10T18:10:59 IST" duration-ms="1" status="PASS">
          <reporter-output>
          </reporter-output>
        </test-method> <!-- clearPOMObject -->
        <test-method is-config="true" signature="closeBrowser()[pri:0, instance:TestClass.Test2@5562c41e]" started-at="2022-03-10T18:11:24 IST" name="closeBrowser" finished-at="2022-03-10T18:11:25 IST" duration-ms="1040" status="PASS">
          <reporter-output>
          </reporter-output>
        </test-method> <!-- closeBrowser -->
      </class> <!-- TestClass.Test2 -->
    </test> <!-- ChromeTest -->
    <test started-at="2022-03-10T18:11:25 IST" name="EdgeTest" finished-at="2022-03-10T18:13:23 IST" duration-ms="117340">
      <class name="TestClass.Test1">
        <test-method is-config="true" signature="launchBrowser(java.lang.String)[pri:0, instance:TestClass.Test1@6404f418]" started-at="2022-03-10T18:11:25 IST" name="launchBrowser" finished-at="2022-03-10T18:11:47 IST" duration-ms="21988" status="PASS">
          <params>
            <param index="0">
              <value>
                <![CDATA[Edge]]>
              </value>
            </param>
          </params>
          <reporter-output>
          </reporter-output>
        </test-method> <!-- launchBrowser -->
        <test-method is-config="true" signature="createObjectOfPOMClasses()[pri:0, instance:TestClass.Test1@6404f418]" started-at="2022-03-10T18:11:52 IST" name="createObjectOfPOMClasses" finished-at="2022-03-10T18:11:52 IST" duration-ms="2" status="PASS">
          <reporter-output>
          </reporter-output>
        </test-method> <!-- createObjectOfPOMClasses -->
        <test-method is-config="true" signature="launchApplication()[pri:0, instance:TestClass.Test1@6404f418]" started-at="2022-03-10T18:11:52 IST" name="launchApplication" finished-at="2022-03-10T18:12:05 IST" duration-ms="12410" status="PASS">
          <reporter-output>
          </reporter-output>
        </test-method> <!-- launchApplication -->
        <test-method signature="createTask()[pri:0, instance:TestClass.Test1@6404f418]" started-at="2022-03-10T18:12:05 IST" name="createTask" finished-at="2022-03-10T18:13:01 IST" duration-ms="56016" status="PASS">
          <reporter-output>
          </reporter-output>
        </test-method> <!-- createTask -->
        <test-method is-config="true" signature="logout()[pri:0, instance:TestClass.Test1@6404f418]" started-at="2022-03-10T18:13:01 IST" name="logout" finished-at="2022-03-10T18:13:04 IST" duration-ms="2785" status="PASS">
          <reporter-output>
          </reporter-output>
        </test-method> <!-- logout -->
        <test-method is-config="true" signature="launchApplication()[pri:0, instance:TestClass.Test1@6404f418]" started-at="2022-03-10T18:13:04 IST" name="launchApplication" finished-at="2022-03-10T18:13:06 IST" duration-ms="2794" status="PASS">
          <reporter-output>
          </reporter-output>
        </test-method> <!-- launchApplication -->
        <test-method signature="verifyUserTab()[pri:0, instance:TestClass.Test1@6404f418]" started-at="2022-03-10T18:13:06 IST" name="verifyUserTab" finished-at="2022-03-10T18:13:16 IST" duration-ms="10097" status="PASS">
          <reporter-output>
          </reporter-output>
        </test-method> <!-- verifyUserTab -->
        <test-method is-config="true" signature="logout()[pri:0, instance:TestClass.Test1@6404f418]" started-at="2022-03-10T18:13:16 IST" name="logout" finished-at="2022-03-10T18:13:19 IST" duration-ms="2402" status="PASS">
          <reporter-output>
          </reporter-output>
        </test-method> <!-- logout -->
        <test-method is-config="true" signature="clearPOMObject()[pri:0, instance:TestClass.Test1@6404f418]" started-at="2022-03-10T18:13:19 IST" name="clearPOMObject" finished-at="2022-03-10T18:13:19 IST" duration-ms="0" status="PASS">
          <reporter-output>
          </reporter-output>
        </test-method> <!-- clearPOMObject -->
        <test-method is-config="true" signature="closeBrowser()[pri:0, instance:TestClass.Test1@6404f418]" started-at="2022-03-10T18:13:19 IST" name="closeBrowser" finished-at="2022-03-10T18:13:21 IST" duration-ms="2055" status="PASS">
          <reporter-output>
          </reporter-output>
        </test-method> <!-- closeBrowser -->
      </class> <!-- TestClass.Test1 -->
      <class name="TestClass.Test2">
        <test-method is-config="true" signature="launchBrowser(java.lang.String)[pri:0, instance:TestClass.Test2@ffaa6af]" started-at="2022-03-10T18:11:47 IST" name="launchBrowser" finished-at="2022-03-10T18:11:52 IST" duration-ms="5130" status="PASS">
          <params>
            <param index="0">
              <value>
                <![CDATA[Edge]]>
              </value>
            </param>
          </params>
          <reporter-output>
          </reporter-output>
        </test-method> <!-- launchBrowser -->
        <test-method is-config="true" signature="createObjectOfPOMClasses()[pri:0, instance:TestClass.Test2@ffaa6af]" started-at="2022-03-10T18:11:52 IST" name="createObjectOfPOMClasses" finished-at="2022-03-10T18:11:52 IST" duration-ms="3" status="PASS">
          <reporter-output>
          </reporter-output>
        </test-method> <!-- createObjectOfPOMClasses -->
        <test-method is-config="true" signature="loginToApplication()[pri:0, instance:TestClass.Test2@ffaa6af]" started-at="2022-03-10T18:11:52 IST" name="loginToApplication" finished-at="2022-03-10T18:12:05 IST" duration-ms="12406" status="PASS">
          <reporter-output>
          </reporter-output>
        </test-method> <!-- loginToApplication -->
        <test-method signature="verifyReportTab()[pri:0, instance:TestClass.Test2@ffaa6af]" started-at="2022-03-10T18:12:05 IST" name="verifyReportTab" finished-at="2022-03-10T18:12:45 IST" duration-ms="40598" status="PASS">
          <reporter-output>
          </reporter-output>
        </test-method> <!-- verifyReportTab -->
        <test-method is-config="true" signature="Logout()[pri:0, instance:TestClass.Test2@ffaa6af]" started-at="2022-03-10T18:12:45 IST" name="Logout" finished-at="2022-03-10T18:12:47 IST" duration-ms="1233" status="PASS">
          <reporter-output>
          </reporter-output>
        </test-method> <!-- Logout -->
        <test-method is-config="true" signature="loginToApplication()[pri:0, instance:TestClass.Test2@ffaa6af]" started-at="2022-03-10T18:12:47 IST" name="loginToApplication" finished-at="2022-03-10T18:12:50 IST" duration-ms="3096" status="PASS">
          <reporter-output>
          </reporter-output>
        </test-method> <!-- loginToApplication -->
        <test-method signature="verifyTaskTab()[pri:0, instance:TestClass.Test2@ffaa6af]" started-at="2022-03-10T18:12:50 IST" name="verifyTaskTab" finished-at="2022-03-10T18:12:52 IST" duration-ms="2699" status="PASS">
          <reporter-output>
          </reporter-output>
        </test-method> <!-- verifyTaskTab -->
        <test-method is-config="true" signature="Logout()[pri:0, instance:TestClass.Test2@ffaa6af]" started-at="2022-03-10T18:12:52 IST" name="Logout" finished-at="2022-03-10T18:12:53 IST" duration-ms="853" status="PASS">
          <reporter-output>
          </reporter-output>
        </test-method> <!-- Logout -->
        <test-method is-config="true" signature="clearPOMObject()[pri:0, instance:TestClass.Test2@ffaa6af]" started-at="2022-03-10T18:12:53 IST" name="clearPOMObject" finished-at="2022-03-10T18:12:53 IST" duration-ms="0" status="PASS">
          <reporter-output>
          </reporter-output>
        </test-method> <!-- clearPOMObject -->
        <test-method is-config="true" signature="closeBrowser()[pri:0, instance:TestClass.Test2@ffaa6af]" started-at="2022-03-10T18:13:21 IST" name="closeBrowser" finished-at="2022-03-10T18:13:23 IST" duration-ms="1620" status="PASS">
          <reporter-output>
          </reporter-output>
        </test-method> <!-- closeBrowser -->
      </class> <!-- TestClass.Test2 -->
    </test> <!-- EdgeTest -->
  </suite> <!-- ActiTimeSuite -->
</testng-results>
