<?xml version="1.0" encoding="UTF-8"?>
<testng-results ignored="0" total="8" passed="8" failed="0" skipped="0">
  <reporter-output>
  </reporter-output>
  <suite started-at="2022-03-02T14:46:41 IST" name="AmazonSuite" finished-at="2022-03-02T14:49:45 IST" duration-ms="184520">
    <groups>
    </groups>
    <test started-at="2022-03-02T14:46:41 IST" name="ChromeTest" finished-at="2022-03-02T14:48:07 IST" duration-ms="86023">
      <class name="testClass.TestClass2">
        <test-method is-config="true" signature="launchBrowser(java.lang.String)[pri:0, instance:testClass.TestClass2@fba92d3]" started-at="2022-03-02T14:46:44 IST" name="launchBrowser" finished-at="2022-03-02T14:46:49 IST" duration-ms="4543" status="PASS">
          <params>
            <param index="0">
              <value>
                <![CDATA[Chrome]]>
              </value>
            </param>
          </params>
          <reporter-output>
          </reporter-output>
        </test-method> <!-- launchBrowser -->
        <test-method is-config="true" signature="createObjectOfPOMClasses()[pri:0, instance:testClass.TestClass2@fba92d3]" started-at="2022-03-02T14:46:49 IST" name="createObjectOfPOMClasses" finished-at="2022-03-02T14:46:49 IST" duration-ms="131" status="PASS">
          <reporter-output>
          </reporter-output>
        </test-method> <!-- createObjectOfPOMClasses -->
        <test-method is-config="true" signature="launchApplication()[pri:0, instance:testClass.TestClass2@fba92d3]" started-at="2022-03-02T14:46:49 IST" name="launchApplication" finished-at="2022-03-02T14:47:33 IST" duration-ms="44000" status="PASS">
          <reporter-output>
          </reporter-output>
        </test-method> <!-- launchApplication -->
        <test-method signature="verifyCart()[pri:0, instance:testClass.TestClass2@fba92d3]" started-at="2022-03-02T14:47:33 IST" name="verifyCart" finished-at="2022-03-02T14:47:53 IST" duration-ms="19988" status="PASS">
          <reporter-output>
          </reporter-output>
        </test-method> <!-- verifyCart -->
        <test-method is-config="true" signature="logout()[pri:0, instance:testClass.TestClass2@fba92d3]" started-at="2022-03-02T14:47:53 IST" name="logout" finished-at="2022-03-02T14:47:53 IST" duration-ms="0" status="PASS">
          <reporter-output>
          </reporter-output>
        </test-method> <!-- logout -->
        <test-method is-config="true" signature="launchApplication()[pri:0, instance:testClass.TestClass2@fba92d3]" started-at="2022-03-02T14:47:53 IST" name="launchApplication" finished-at="2022-03-02T14:48:03 IST" duration-ms="10324" status="PASS">
          <reporter-output>
          </reporter-output>
        </test-method> <!-- launchApplication -->
        <test-method signature="verifyProductPage()[pri:0, instance:testClass.TestClass2@fba92d3]" started-at="2022-03-02T14:48:03 IST" name="verifyProductPage" finished-at="2022-03-02T14:48:03 IST" duration-ms="62" status="PASS">
          <reporter-output>
          </reporter-output>
        </test-method> <!-- verifyProductPage -->
        <test-method is-config="true" signature="logout()[pri:0, instance:testClass.TestClass2@fba92d3]" started-at="2022-03-02T14:48:03 IST" name="logout" finished-at="2022-03-02T14:48:03 IST" duration-ms="1" status="PASS">
          <reporter-output>
          </reporter-output>
        </test-method> <!-- logout -->
        <test-method is-config="true" signature="clearPOMObject()[pri:0, instance:testClass.TestClass2@fba92d3]" started-at="2022-03-02T14:48:03 IST" name="clearPOMObject" finished-at="2022-03-02T14:48:03 IST" duration-ms="1" status="PASS">
          <reporter-output>
          </reporter-output>
        </test-method> <!-- clearPOMObject -->
        <test-method is-config="true" signature="closeBrowser()[pri:0, instance:testClass.TestClass2@fba92d3]" started-at="2022-03-02T14:48:05 IST" name="closeBrowser" finished-at="2022-03-02T14:48:07 IST" duration-ms="1544" status="PASS">
          <reporter-output>
          </reporter-output>
        </test-method> <!-- closeBrowser -->
      </class> <!-- testClass.TestClass2 -->
      <class name="testClass.TestClass1">
        <test-method is-config="true" signature="lauchBrowser(java.lang.String)[pri:0, instance:testClass.TestClass1@28f3b248]" started-at="2022-03-02T14:46:41 IST" name="lauchBrowser" finished-at="2022-03-02T14:46:44 IST" duration-ms="3377" status="PASS">
          <params>
            <param index="0">
              <value>
                <![CDATA[Chrome]]>
              </value>
            </param>
          </params>
          <reporter-output>
          </reporter-output>
        </test-method> <!-- lauchBrowser -->
        <test-method is-config="true" signature="createObjectOfPOMClasses()[pri:0, instance:testClass.TestClass1@28f3b248]" started-at="2022-03-02T14:46:49 IST" name="createObjectOfPOMClasses" finished-at="2022-03-02T14:46:49 IST" duration-ms="78" status="PASS">
          <reporter-output>
          </reporter-output>
        </test-method> <!-- createObjectOfPOMClasses -->
        <test-method is-config="true" signature="launchApplication()[pri:0, instance:testClass.TestClass1@28f3b248]" started-at="2022-03-02T14:46:49 IST" name="launchApplication" finished-at="2022-03-02T14:47:14 IST" duration-ms="25222" status="PASS">
          <reporter-output>
          </reporter-output>
        </test-method> <!-- launchApplication -->
        <test-method signature="AmazonSciencePage()[pri:0, instance:testClass.TestClass1@28f3b248]" started-at="2022-03-02T14:47:14 IST" name="AmazonSciencePage" finished-at="2022-03-02T14:47:35 IST" duration-ms="20438" status="PASS">
          <reporter-output>
          </reporter-output>
        </test-method> <!-- AmazonSciencePage -->
        <test-method is-config="true" signature="logout()[pri:0, instance:testClass.TestClass1@28f3b248]" started-at="2022-03-02T14:47:35 IST" name="logout" finished-at="2022-03-02T14:47:35 IST" duration-ms="1" status="PASS">
          <reporter-output>
          </reporter-output>
        </test-method> <!-- logout -->
        <test-method is-config="true" signature="launchApplication()[pri:0, instance:testClass.TestClass1@28f3b248]" started-at="2022-03-02T14:47:35 IST" name="launchApplication" finished-at="2022-03-02T14:47:42 IST" duration-ms="6844" status="PASS">
          <reporter-output>
          </reporter-output>
        </test-method> <!-- launchApplication -->
        <test-method signature="verifyBabyWishList()[pri:0, instance:testClass.TestClass1@28f3b248]" started-at="2022-03-02T14:47:42 IST" name="verifyBabyWishList" finished-at="2022-03-02T14:47:46 IST" duration-ms="4203" status="PASS">
          <reporter-output>
          </reporter-output>
        </test-method> <!-- verifyBabyWishList -->
        <test-method is-config="true" signature="logout()[pri:0, instance:testClass.TestClass1@28f3b248]" started-at="2022-03-02T14:47:46 IST" name="logout" finished-at="2022-03-02T14:47:46 IST" duration-ms="0" status="PASS">
          <reporter-output>
          </reporter-output>
        </test-method> <!-- logout -->
        <test-method is-config="true" signature="clearObjectOfPOMClasses()[pri:0, instance:testClass.TestClass1@28f3b248]" started-at="2022-03-02T14:47:46 IST" name="clearObjectOfPOMClasses" finished-at="2022-03-02T14:47:46 IST" duration-ms="0" status="PASS">
          <reporter-output>
          </reporter-output>
        </test-method> <!-- clearObjectOfPOMClasses -->
        <test-method is-config="true" signature="closeBrowser()[pri:0, instance:testClass.TestClass1@28f3b248]" started-at="2022-03-02T14:48:03 IST" name="closeBrowser" finished-at="2022-03-02T14:48:05 IST" duration-ms="1994" status="PASS">
          <reporter-output>
          </reporter-output>
        </test-method> <!-- closeBrowser -->
      </class> <!-- testClass.TestClass1 -->
    </test> <!-- ChromeTest -->
    <test started-at="2022-03-02T14:48:08 IST" name="EdgeTest" finished-at="2022-03-02T14:49:45 IST" duration-ms="97898">
      <class name="testClass.TestClass2">
        <test-method is-config="true" signature="launchBrowser(java.lang.String)[pri:0, instance:testClass.TestClass2@d5b810e]" started-at="2022-03-02T14:48:24 IST" name="launchBrowser" finished-at="2022-03-02T14:48:28 IST" duration-ms="3849" status="PASS">
          <params>
            <param index="0">
              <value>
                <![CDATA[Edge]]>
              </value>
            </param>
          </params>
          <reporter-output>
          </reporter-output>
        </test-method> <!-- launchBrowser -->
        <test-method is-config="true" signature="createObjectOfPOMClasses()[pri:0, instance:testClass.TestClass2@d5b810e]" started-at="2022-03-02T14:48:28 IST" name="createObjectOfPOMClasses" finished-at="2022-03-02T14:48:28 IST" duration-ms="6" status="PASS">
          <reporter-output>
          </reporter-output>
        </test-method> <!-- createObjectOfPOMClasses -->
        <test-method is-config="true" signature="launchApplication()[pri:0, instance:testClass.TestClass2@d5b810e]" started-at="2022-03-02T14:48:28 IST" name="launchApplication" finished-at="2022-03-02T14:49:09 IST" duration-ms="40776" status="PASS">
          <reporter-output>
          </reporter-output>
        </test-method> <!-- launchApplication -->
        <test-method signature="verifyCart()[pri:0, instance:testClass.TestClass2@d5b810e]" started-at="2022-03-02T14:49:09 IST" name="verifyCart" finished-at="2022-03-02T14:49:31 IST" duration-ms="22240" status="PASS">
          <reporter-output>
          </reporter-output>
        </test-method> <!-- verifyCart -->
        <test-method is-config="true" signature="logout()[pri:0, instance:testClass.TestClass2@d5b810e]" started-at="2022-03-02T14:49:31 IST" name="logout" finished-at="2022-03-02T14:49:31 IST" duration-ms="1" status="PASS">
          <reporter-output>
          </reporter-output>
        </test-method> <!-- logout -->
        <test-method is-config="true" signature="launchApplication()[pri:0, instance:testClass.TestClass2@d5b810e]" started-at="2022-03-02T14:49:31 IST" name="launchApplication" finished-at="2022-03-02T14:49:43 IST" duration-ms="12112" status="PASS">
          <reporter-output>
          </reporter-output>
        </test-method> <!-- launchApplication -->
        <test-method signature="verifyProductPage()[pri:0, instance:testClass.TestClass2@d5b810e]" started-at="2022-03-02T14:49:43 IST" name="verifyProductPage" finished-at="2022-03-02T14:49:43 IST" duration-ms="75" status="PASS">
          <reporter-output>
          </reporter-output>
        </test-method> <!-- verifyProductPage -->
        <test-method is-config="true" signature="logout()[pri:0, instance:testClass.TestClass2@d5b810e]" started-at="2022-03-02T14:49:43 IST" name="logout" finished-at="2022-03-02T14:49:43 IST" duration-ms="1" status="PASS">
          <reporter-output>
          </reporter-output>
        </test-method> <!-- logout -->
        <test-method is-config="true" signature="clearPOMObject()[pri:0, instance:testClass.TestClass2@d5b810e]" started-at="2022-03-02T14:49:43 IST" name="clearPOMObject" finished-at="2022-03-02T14:49:43 IST" duration-ms="0" status="PASS">
          <reporter-output>
          </reporter-output>
        </test-method> <!-- clearPOMObject -->
        <test-method is-config="true" signature="closeBrowser()[pri:0, instance:testClass.TestClass2@d5b810e]" started-at="2022-03-02T14:49:44 IST" name="closeBrowser" finished-at="2022-03-02T14:49:45 IST" duration-ms="1117" status="PASS">
          <reporter-output>
          </reporter-output>
        </test-method> <!-- closeBrowser -->
      </class> <!-- testClass.TestClass2 -->
      <class name="testClass.TestClass1">
        <test-method is-config="true" signature="lauchBrowser(java.lang.String)[pri:0, instance:testClass.TestClass1@1b2abca6]" started-at="2022-03-02T14:48:08 IST" name="lauchBrowser" finished-at="2022-03-02T14:48:24 IST" duration-ms="16422" status="PASS">
          <params>
            <param index="0">
              <value>
                <![CDATA[Edge]]>
              </value>
            </param>
          </params>
          <reporter-output>
          </reporter-output>
        </test-method> <!-- lauchBrowser -->
        <test-method is-config="true" signature="createObjectOfPOMClasses()[pri:0, instance:testClass.TestClass1@1b2abca6]" started-at="2022-03-02T14:48:28 IST" name="createObjectOfPOMClasses" finished-at="2022-03-02T14:48:28 IST" duration-ms="2" status="PASS">
          <reporter-output>
          </reporter-output>
        </test-method> <!-- createObjectOfPOMClasses -->
        <test-method is-config="true" signature="launchApplication()[pri:0, instance:testClass.TestClass1@1b2abca6]" started-at="2022-03-02T14:48:28 IST" name="launchApplication" finished-at="2022-03-02T14:48:49 IST" duration-ms="21502" status="PASS">
          <reporter-output>
          </reporter-output>
        </test-method> <!-- launchApplication -->
        <test-method signature="AmazonSciencePage()[pri:0, instance:testClass.TestClass1@1b2abca6]" started-at="2022-03-02T14:48:49 IST" name="AmazonSciencePage" finished-at="2022-03-02T14:49:04 IST" duration-ms="14863" status="PASS">
          <reporter-output>
          </reporter-output>
        </test-method> <!-- AmazonSciencePage -->
        <test-method is-config="true" signature="logout()[pri:0, instance:testClass.TestClass1@1b2abca6]" started-at="2022-03-02T14:49:04 IST" name="logout" finished-at="2022-03-02T14:49:04 IST" duration-ms="1" status="PASS">
          <reporter-output>
          </reporter-output>
        </test-method> <!-- logout -->
        <test-method is-config="true" signature="launchApplication()[pri:0, instance:testClass.TestClass1@1b2abca6]" started-at="2022-03-02T14:49:04 IST" name="launchApplication" finished-at="2022-03-02T14:49:10 IST" duration-ms="5985" status="PASS">
          <reporter-output>
          </reporter-output>
        </test-method> <!-- launchApplication -->
        <test-method signature="verifyBabyWishList()[pri:0, instance:testClass.TestClass1@1b2abca6]" started-at="2022-03-02T14:49:10 IST" name="verifyBabyWishList" finished-at="2022-03-02T14:49:16 IST" duration-ms="6303" status="PASS">
          <reporter-output>
          </reporter-output>
        </test-method> <!-- verifyBabyWishList -->
        <test-method is-config="true" signature="logout()[pri:0, instance:testClass.TestClass1@1b2abca6]" started-at="2022-03-02T14:49:16 IST" name="logout" finished-at="2022-03-02T14:49:16 IST" duration-ms="0" status="PASS">
          <reporter-output>
          </reporter-output>
        </test-method> <!-- logout -->
        <test-method is-config="true" signature="clearObjectOfPOMClasses()[pri:0, instance:testClass.TestClass1@1b2abca6]" started-at="2022-03-02T14:49:16 IST" name="clearObjectOfPOMClasses" finished-at="2022-03-02T14:49:16 IST" duration-ms="0" status="PASS">
          <reporter-output>
          </reporter-output>
        </test-method> <!-- clearObjectOfPOMClasses -->
        <test-method is-config="true" signature="closeBrowser()[pri:0, instance:testClass.TestClass1@1b2abca6]" started-at="2022-03-02T14:49:43 IST" name="closeBrowser" finished-at="2022-03-02T14:49:44 IST" duration-ms="1286" status="PASS">
          <reporter-output>
          </reporter-output>
        </test-method> <!-- closeBrowser -->
      </class> <!-- testClass.TestClass1 -->
    </test> <!-- EdgeTest -->
  </suite> <!-- AmazonSuite -->
</testng-results>
