<?xml version="1.0" encoding="UTF-8"?>
<!-- Generated by org.testng.reporters.JUnitXMLReporter -->
<testsuite ignored="0" hostname="DESKTOP-HOBCA4B" failures="0" tests="4" name="ChromeTest" time="40.426" errors="0" timestamp="2022-03-10T23:28:34 IST">
  <testcase classname="TestClass.TestClass1" name="getCustomerNumber" time="2.041"/>
  <testcase classname="TestClass.TestClass2" name="verifyrechargeModule" time="4.646"/>
  <testcase classname="TestClass.TestClass1" name="verifyRentModuleModule" time="5.219"/>
  <testcase classname="TestClass.TestClass2" name="verifyBusTicket" time="16.534"/>
</testsuite> <!-- ChromeTest -->
