<?xml version="1.0" encoding="UTF-8"?>
<!-- Generated by org.testng.reporters.JUnitXMLReporter -->
<testsuite ignored="0" hostname="DESKTOP-HOBCA4B" failures="0" tests="4" name="EdgeTest" time="77.526" errors="0" timestamp="2022-03-10T23:29:51 IST">
  <testcase classname="TestClass.TestClass2" name="verifyrechargeModule" time="11.172"/>
  <testcase classname="TestClass.TestClass1" name="getCustomerNumber" time="5.535"/>
  <testcase classname="TestClass.TestClass1" name="verifyRentModuleModule" time="12.631"/>
  <testcase classname="TestClass.TestClass2" name="verifyBusTicket" time="26.117"/>
</testsuite> <!-- EdgeTest -->
