<?xml version="1.0" encoding="UTF-8"?>
<!-- Generated by org.testng.reporters.JUnitXMLReporter -->
<testsuite ignored="0" hostname="DESKTOP-HOBCA4B" failures="0" tests="5" name="Test" time="42.94" errors="0" timestamp="2022-02-28T13:53:18 IST">
  <testcase classname="TestClass.TestClass1" name="verifyrechargeModule" time="6.919"/>
  <testcase classname="TestClass.TestClass1" name="verifyBusTicket" time="14.51"/>
  <testcase classname="TestClass.TestClass2" name="VerifyTestA" time="0.002"/>
  <testcase classname="TestClass.TestClass2" name="VerifyTestB" time="0.003"/>
  <testcase classname="TestClass.TestClass2" name="VerifyTestC" time="0.001"/>
</testsuite> <!-- Test -->
