<?xml version="1.0" encoding="UTF-8"?>
<testng-results ignored="0" total="8" passed="8" failed="0" skipped="0">
  <reporter-output>
  </reporter-output>
  <suite started-at="2022-03-10T23:09:38 IST" name="FlipkartSuite" finished-at="2022-03-10T23:12:26 IST" duration-ms="167408">
    <groups>
    </groups>
    <test started-at="2022-03-10T23:09:38 IST" name="ChromeTest" finished-at="2022-03-10T23:10:51 IST" duration-ms="72619">
      <class name="TestClass.Test1">
        <test-method is-config="true" signature="launchBrowser(java.lang.String)[pri:0, instance:TestClass.Test1@67c33749]" started-at="2022-03-10T23:09:38 IST" name="launchBrowser" finished-at="2022-03-10T23:09:45 IST" duration-ms="6434" status="PASS">
          <params>
            <param index="0">
              <value>
                <![CDATA[Chrome]]>
              </value>
            </param>
          </params>
          <reporter-output>
          </reporter-output>
        </test-method> <!-- launchBrowser -->
        <test-method is-config="true" signature="createObjectOfPOMClasses()[pri:0, instance:TestClass.Test1@67c33749]" started-at="2022-03-10T23:09:47 IST" name="createObjectOfPOMClasses" finished-at="2022-03-10T23:09:47 IST" duration-ms="293" status="PASS">
          <reporter-output>
          </reporter-output>
        </test-method> <!-- createObjectOfPOMClasses -->
        <test-method is-config="true" signature="launchApllication()[pri:0, instance:TestClass.Test1@67c33749]" started-at="2022-03-10T23:09:47 IST" name="launchApllication" finished-at="2022-03-10T23:10:03 IST" duration-ms="15795" status="PASS">
          <reporter-output>
          </reporter-output>
        </test-method> <!-- launchApllication -->
        <test-method signature="VerifyMousePad()[pri:0, instance:TestClass.Test1@67c33749]" started-at="2022-03-10T23:10:03 IST" name="VerifyMousePad" finished-at="2022-03-10T23:10:14 IST" duration-ms="10816" status="PASS">
          <reporter-output>
          </reporter-output>
        </test-method> <!-- VerifyMousePad -->
        <test-method is-config="true" signature="logout()[pri:0, instance:TestClass.Test1@67c33749]" started-at="2022-03-10T23:10:14 IST" name="logout" finished-at="2022-03-10T23:10:14 IST" duration-ms="1" status="PASS">
          <reporter-output>
          </reporter-output>
        </test-method> <!-- logout -->
        <test-method is-config="true" signature="launchApllication()[pri:0, instance:TestClass.Test1@67c33749]" started-at="2022-03-10T23:10:14 IST" name="launchApllication" finished-at="2022-03-10T23:10:22 IST" duration-ms="7902" status="PASS">
          <reporter-output>
          </reporter-output>
        </test-method> <!-- launchApllication -->
        <test-method signature="getCustomerNumber()[pri:0, instance:TestClass.Test1@67c33749]" started-at="2022-03-10T23:10:22 IST" name="getCustomerNumber" finished-at="2022-03-10T23:10:39 IST" duration-ms="17177" status="PASS">
          <reporter-output>
          </reporter-output>
        </test-method> <!-- getCustomerNumber -->
        <test-method is-config="true" signature="logout()[pri:0, instance:TestClass.Test1@67c33749]" started-at="2022-03-10T23:10:39 IST" name="logout" finished-at="2022-03-10T23:10:39 IST" duration-ms="0" status="PASS">
          <reporter-output>
          </reporter-output>
        </test-method> <!-- logout -->
        <test-method is-config="true" signature="clearPOMObject()[pri:0, instance:TestClass.Test1@67c33749]" started-at="2022-03-10T23:10:39 IST" name="clearPOMObject" finished-at="2022-03-10T23:10:39 IST" duration-ms="1" status="PASS">
          <reporter-output>
          </reporter-output>
        </test-method> <!-- clearPOMObject -->
        <test-method is-config="true" signature="closeBrowser()[pri:0, instance:TestClass.Test1@67c33749]" started-at="2022-03-10T23:10:47 IST" name="closeBrowser" finished-at="2022-03-10T23:10:50 IST" duration-ms="3114" status="PASS">
          <reporter-output>
          </reporter-output>
        </test-method> <!-- closeBrowser -->
      </class> <!-- TestClass.Test1 -->
      <class name="TestClass.Test2">
        <test-method is-config="true" signature="launchBrowser(java.lang.String)[pri:0, instance:TestClass.Test2@63a12c68]" started-at="2022-03-10T23:09:45 IST" name="launchBrowser" finished-at="2022-03-10T23:09:47 IST" duration-ms="2246" status="PASS">
          <params>
            <param index="0">
              <value>
                <![CDATA[Chrome]]>
              </value>
            </param>
          </params>
          <reporter-output>
          </reporter-output>
        </test-method> <!-- launchBrowser -->
        <test-method is-config="true" signature="createObjectOfPOMClassesr()[pri:0, instance:TestClass.Test2@63a12c68]" started-at="2022-03-10T23:09:47 IST" name="createObjectOfPOMClassesr" finished-at="2022-03-10T23:09:47 IST" duration-ms="281" status="PASS">
          <reporter-output>
          </reporter-output>
        </test-method> <!-- createObjectOfPOMClassesr -->
        <test-method is-config="true" signature="launchApllication()[pri:0, instance:TestClass.Test2@63a12c68]" started-at="2022-03-10T23:09:47 IST" name="launchApllication" finished-at="2022-03-10T23:10:02 IST" duration-ms="14718" status="PASS">
          <reporter-output>
          </reporter-output>
        </test-method> <!-- launchApllication -->
        <test-method signature="AddToCartProduct()[pri:0, instance:TestClass.Test2@63a12c68]" started-at="2022-03-10T23:10:02 IST" name="AddToCartProduct" finished-at="2022-03-10T23:10:25 IST" duration-ms="22458" status="PASS">
          <reporter-output>
          </reporter-output>
        </test-method> <!-- AddToCartProduct -->
        <test-method is-config="true" signature="logout()[pri:0, instance:TestClass.Test2@63a12c68]" started-at="2022-03-10T23:10:25 IST" name="logout" finished-at="2022-03-10T23:10:25 IST" duration-ms="1" status="PASS">
          <reporter-output>
          </reporter-output>
        </test-method> <!-- logout -->
        <test-method is-config="true" signature="launchApllication()[pri:0, instance:TestClass.Test2@63a12c68]" started-at="2022-03-10T23:10:25 IST" name="launchApllication" finished-at="2022-03-10T23:10:28 IST" duration-ms="3293" status="PASS">
          <reporter-output>
          </reporter-output>
        </test-method> <!-- launchApllication -->
        <test-method signature="AddToCartShirt()[pri:0, instance:TestClass.Test2@63a12c68]" started-at="2022-03-10T23:10:28 IST" name="AddToCartShirt" finished-at="2022-03-10T23:10:47 IST" duration-ms="19163" status="PASS">
          <reporter-output>
          </reporter-output>
        </test-method> <!-- AddToCartShirt -->
        <test-method is-config="true" signature="logout()[pri:0, instance:TestClass.Test2@63a12c68]" started-at="2022-03-10T23:10:47 IST" name="logout" finished-at="2022-03-10T23:10:47 IST" duration-ms="0" status="PASS">
          <reporter-output>
          </reporter-output>
        </test-method> <!-- logout -->
        <test-method is-config="true" signature="clearPOMObject()[pri:0, instance:TestClass.Test2@63a12c68]" started-at="2022-03-10T23:10:47 IST" name="clearPOMObject" finished-at="2022-03-10T23:10:47 IST" duration-ms="1" status="PASS">
          <reporter-output>
          </reporter-output>
        </test-method> <!-- clearPOMObject -->
        <test-method is-config="true" signature="closeBrowser()[pri:0, instance:TestClass.Test2@63a12c68]" started-at="2022-03-10T23:10:50 IST" name="closeBrowser" finished-at="2022-03-10T23:10:51 IST" duration-ms="826" status="PASS">
          <reporter-output>
          </reporter-output>
        </test-method> <!-- closeBrowser -->
      </class> <!-- TestClass.Test2 -->
    </test> <!-- ChromeTest -->
    <test started-at="2022-03-10T23:10:52 IST" name="EdgeTest" finished-at="2022-03-10T23:12:26 IST" duration-ms="93992">
      <class name="TestClass.Test1">
        <test-method is-config="true" signature="launchBrowser(java.lang.String)[pri:0, instance:TestClass.Test1@2ed2d9cb]" started-at="2022-03-10T23:10:52 IST" name="launchBrowser" finished-at="2022-03-10T23:11:16 IST" duration-ms="24401" status="PASS">
          <params>
            <param index="0">
              <value>
                <![CDATA[Edge]]>
              </value>
            </param>
          </params>
          <reporter-output>
          </reporter-output>
        </test-method> <!-- launchBrowser -->
        <test-method is-config="true" signature="createObjectOfPOMClasses()[pri:0, instance:TestClass.Test1@2ed2d9cb]" started-at="2022-03-10T23:11:20 IST" name="createObjectOfPOMClasses" finished-at="2022-03-10T23:11:20 IST" duration-ms="1" status="PASS">
          <reporter-output>
          </reporter-output>
        </test-method> <!-- createObjectOfPOMClasses -->
        <test-method is-config="true" signature="launchApllication()[pri:0, instance:TestClass.Test1@2ed2d9cb]" started-at="2022-03-10T23:11:20 IST" name="launchApllication" finished-at="2022-03-10T23:11:37 IST" duration-ms="16732" status="PASS">
          <reporter-output>
          </reporter-output>
        </test-method> <!-- launchApllication -->
        <test-method signature="VerifyMousePad()[pri:0, instance:TestClass.Test1@2ed2d9cb]" started-at="2022-03-10T23:11:37 IST" name="VerifyMousePad" finished-at="2022-03-10T23:11:57 IST" duration-ms="20131" status="PASS">
          <reporter-output>
          </reporter-output>
        </test-method> <!-- VerifyMousePad -->
        <test-method is-config="true" signature="logout()[pri:0, instance:TestClass.Test1@2ed2d9cb]" started-at="2022-03-10T23:11:57 IST" name="logout" finished-at="2022-03-10T23:11:57 IST" duration-ms="0" status="PASS">
          <reporter-output>
          </reporter-output>
        </test-method> <!-- logout -->
        <test-method is-config="true" signature="launchApllication()[pri:0, instance:TestClass.Test1@2ed2d9cb]" started-at="2022-03-10T23:11:57 IST" name="launchApllication" finished-at="2022-03-10T23:12:02 IST" duration-ms="4886" status="PASS">
          <reporter-output>
          </reporter-output>
        </test-method> <!-- launchApllication -->
        <test-method signature="getCustomerNumber()[pri:0, instance:TestClass.Test1@2ed2d9cb]" started-at="2022-03-10T23:12:02 IST" name="getCustomerNumber" finished-at="2022-03-10T23:12:14 IST" duration-ms="12874" status="PASS">
          <reporter-output>
          </reporter-output>
        </test-method> <!-- getCustomerNumber -->
        <test-method is-config="true" signature="logout()[pri:0, instance:TestClass.Test1@2ed2d9cb]" started-at="2022-03-10T23:12:14 IST" name="logout" finished-at="2022-03-10T23:12:14 IST" duration-ms="1" status="PASS">
          <reporter-output>
          </reporter-output>
        </test-method> <!-- logout -->
        <test-method is-config="true" signature="clearPOMObject()[pri:0, instance:TestClass.Test1@2ed2d9cb]" started-at="2022-03-10T23:12:14 IST" name="clearPOMObject" finished-at="2022-03-10T23:12:14 IST" duration-ms="0" status="PASS">
          <reporter-output>
          </reporter-output>
        </test-method> <!-- clearPOMObject -->
        <test-method is-config="true" signature="closeBrowser()[pri:0, instance:TestClass.Test1@2ed2d9cb]" started-at="2022-03-10T23:12:23 IST" name="closeBrowser" finished-at="2022-03-10T23:12:25 IST" duration-ms="1336" status="PASS">
          <reporter-output>
          </reporter-output>
        </test-method> <!-- closeBrowser -->
      </class> <!-- TestClass.Test1 -->
      <class name="TestClass.Test2">
        <test-method is-config="true" signature="launchBrowser(java.lang.String)[pri:0, instance:TestClass.Test2@e15b7e8]" started-at="2022-03-10T23:11:16 IST" name="launchBrowser" finished-at="2022-03-10T23:11:20 IST" duration-ms="3713" status="PASS">
          <params>
            <param index="0">
              <value>
                <![CDATA[Edge]]>
              </value>
            </param>
          </params>
          <reporter-output>
          </reporter-output>
        </test-method> <!-- launchBrowser -->
        <test-method is-config="true" signature="createObjectOfPOMClassesr()[pri:0, instance:TestClass.Test2@e15b7e8]" started-at="2022-03-10T23:11:20 IST" name="createObjectOfPOMClassesr" finished-at="2022-03-10T23:11:20 IST" duration-ms="1" status="PASS">
          <reporter-output>
          </reporter-output>
        </test-method> <!-- createObjectOfPOMClassesr -->
        <test-method is-config="true" signature="launchApllication()[pri:0, instance:TestClass.Test2@e15b7e8]" started-at="2022-03-10T23:11:20 IST" name="launchApllication" finished-at="2022-03-10T23:11:38 IST" duration-ms="17674" status="PASS">
          <reporter-output>
          </reporter-output>
        </test-method> <!-- launchApllication -->
        <test-method signature="AddToCartProduct()[pri:0, instance:TestClass.Test2@e15b7e8]" started-at="2022-03-10T23:11:38 IST" name="AddToCartProduct" finished-at="2022-03-10T23:11:56 IST" duration-ms="18817" status="PASS">
          <reporter-output>
          </reporter-output>
        </test-method> <!-- AddToCartProduct -->
        <test-method is-config="true" signature="logout()[pri:0, instance:TestClass.Test2@e15b7e8]" started-at="2022-03-10T23:11:56 IST" name="logout" finished-at="2022-03-10T23:11:56 IST" duration-ms="1" status="PASS">
          <reporter-output>
          </reporter-output>
        </test-method> <!-- logout -->
        <test-method is-config="true" signature="launchApllication()[pri:0, instance:TestClass.Test2@e15b7e8]" started-at="2022-03-10T23:11:56 IST" name="launchApllication" finished-at="2022-03-10T23:12:01 IST" duration-ms="4979" status="PASS">
          <reporter-output>
          </reporter-output>
        </test-method> <!-- launchApllication -->
        <test-method signature="AddToCartShirt()[pri:0, instance:TestClass.Test2@e15b7e8]" started-at="2022-03-10T23:12:01 IST" name="AddToCartShirt" finished-at="2022-03-10T23:12:23 IST" duration-ms="22058" status="PASS">
          <reporter-output>
          </reporter-output>
        </test-method> <!-- AddToCartShirt -->
        <test-method is-config="true" signature="logout()[pri:0, instance:TestClass.Test2@e15b7e8]" started-at="2022-03-10T23:12:23 IST" name="logout" finished-at="2022-03-10T23:12:23 IST" duration-ms="1" status="PASS">
          <reporter-output>
          </reporter-output>
        </test-method> <!-- logout -->
        <test-method is-config="true" signature="clearPOMObject()[pri:0, instance:TestClass.Test2@e15b7e8]" started-at="2022-03-10T23:12:23 IST" name="clearPOMObject" finished-at="2022-03-10T23:12:23 IST" duration-ms="0" status="PASS">
          <reporter-output>
          </reporter-output>
        </test-method> <!-- clearPOMObject -->
        <test-method is-config="true" signature="closeBrowser()[pri:0, instance:TestClass.Test2@e15b7e8]" started-at="2022-03-10T23:12:25 IST" name="closeBrowser" finished-at="2022-03-10T23:12:26 IST" duration-ms="992" status="PASS">
          <reporter-output>
          </reporter-output>
        </test-method> <!-- closeBrowser -->
      </class> <!-- TestClass.Test2 -->
    </test> <!-- EdgeTest -->
  </suite> <!-- FlipkartSuite -->
</testng-results>
