<?xml version="1.0" encoding="UTF-8"?>
<testng-results ignored="0" total="1" passed="0" failed="1" skipped="0">
  <reporter-output>
  </reporter-output>
  <suite started-at="2022-04-02T18:00:59 IST" name="GrowSuite" finished-at="2022-04-02T18:01:44 IST" duration-ms="44997">
    <groups>
    </groups>
    <test started-at="2022-04-02T18:00:59 IST" name="ChromeTest" finished-at="2022-04-02T18:01:44 IST" duration-ms="44997">
      <class name="testClass.TestClass1">
        <test-method is-config="true" signature="launchBrowser()[pri:0, instance:testClass.TestClass1@bd4dc25]" started-at="2022-04-02T18:00:59 IST" name="launchBrowser" finished-at="2022-04-02T18:01:05 IST" duration-ms="6278" status="PASS">
          <reporter-output>
          </reporter-output>
        </test-method> <!-- launchBrowser -->
        <test-method is-config="true" signature="createPOMObject()[pri:0, instance:testClass.TestClass1@bd4dc25]" started-at="2022-04-02T18:01:05 IST" name="createPOMObject" finished-at="2022-04-02T18:01:06 IST" duration-ms="47" status="PASS">
          <reporter-output>
          </reporter-output>
        </test-method> <!-- createPOMObject -->
        <test-method is-config="true" signature="launchGroww()[pri:0, instance:testClass.TestClass1@bd4dc25]" started-at="2022-04-02T18:01:06 IST" name="launchGroww" finished-at="2022-04-02T18:01:38 IST" duration-ms="32466" status="PASS">
          <reporter-output>
          </reporter-output>
        </test-method> <!-- launchGroww -->
        <test-method signature="verify()[pri:0, instance:testClass.TestClass1@bd4dc25]" started-at="2022-04-02T18:01:38 IST" name="verify" finished-at="2022-04-02T18:01:44 IST" duration-ms="6094" status="FAIL">
          <exception class="org.openqa.selenium.ElementClickInterceptedException">
            <message>
              <![CDATA[element click intercepted: Element <div class="fs14 clrText" style="display: flex;">...</div> is not clickable at point (953, 319). Other element would receive the click: <div id="globalSearch23-suggestion" class="col l12 pos-abs se27SeSuggestionsContainer clrText">...</div>
  (Session info: chrome=99.0.4844.84)
Build info: version: '3.141.59', revision: 'e82be7d358', time: '2018-11-14T08:17:03'
System info: host: 'DESKTOP-HOBCA4B', ip: '192.168.17.141', os.name: 'Windows 10', os.arch: 'amd64', os.version: '10.0', java.version: '17.0.1'
Driver info: org.openqa.selenium.chrome.ChromeDriver
Capabilities {acceptInsecureCerts: false, browserName: chrome, browserVersion: 99.0.4844.84, chrome: {chromedriverVersion: 99.0.4844.51 (d537ec02474b5..., userDataDir: C:\Users\patid\AppData\Loca...}, goog:chromeOptions: {debuggerAddress: localhost:63219}, javascriptEnabled: true, networkConnectionEnabled: false, pageLoadStrategy: normal, platform: WINDOWS, platformName: WINDOWS, proxy: Proxy(), setWindowRect: true, strictFileInteractability: false, timeouts: {implicit: 0, pageLoad: 300000, script: 30000}, unhandledPromptBehavior: dismiss and notify, webauthn:extension:credBlob: true, webauthn:extension:largeBlob: true, webauthn:virtualAuthenticators: true}
Session ID: a6b110e8c4c090eab446a081d188740c]]>
            </message>
            <full-stacktrace>
              <![CDATA[org.openqa.selenium.ElementClickInterceptedException: element click intercepted: Element <div class="fs14 clrText" style="display: flex;">...</div> is not clickable at point (953, 319). Other element would receive the click: <div id="globalSearch23-suggestion" class="col l12 pos-abs se27SeSuggestionsContainer clrText">...</div>
  (Session info: chrome=99.0.4844.84)
Build info: version: '3.141.59', revision: 'e82be7d358', time: '2018-11-14T08:17:03'
System info: host: 'DESKTOP-HOBCA4B', ip: '192.168.17.141', os.name: 'Windows 10', os.arch: 'amd64', os.version: '10.0', java.version: '17.0.1'
Driver info: org.openqa.selenium.chrome.ChromeDriver
Capabilities {acceptInsecureCerts: false, browserName: chrome, browserVersion: 99.0.4844.84, chrome: {chromedriverVersion: 99.0.4844.51 (d537ec02474b5..., userDataDir: C:\Users\patid\AppData\Loca...}, goog:chromeOptions: {debuggerAddress: localhost:63219}, javascriptEnabled: true, networkConnectionEnabled: false, pageLoadStrategy: normal, platform: WINDOWS, platformName: WINDOWS, proxy: Proxy(), setWindowRect: true, strictFileInteractability: false, timeouts: {implicit: 0, pageLoad: 300000, script: 30000}, unhandledPromptBehavior: dismiss and notify, webauthn:extension:credBlob: true, webauthn:extension:largeBlob: true, webauthn:virtualAuthenticators: true}
Session ID: a6b110e8c4c090eab446a081d188740c
at java.base/jdk.internal.reflect.NativeConstructorAccessorImpl.newInstance0(Native Method)
at java.base/jdk.internal.reflect.NativeConstructorAccessorImpl.newInstance(NativeConstructorAccessorImpl.java:77)
at java.base/jdk.internal.reflect.DelegatingConstructorAccessorImpl.newInstance(DelegatingConstructorAccessorImpl.java:45)
at java.base/java.lang.reflect.Constructor.newInstanceWithCaller(Constructor.java:499)
at java.base/java.lang.reflect.Constructor.newInstance(Constructor.java:480)
at org.openqa.selenium.remote.http.W3CHttpResponseCodec.createException(W3CHttpResponseCodec.java:187)
at org.openqa.selenium.remote.http.W3CHttpResponseCodec.decode(W3CHttpResponseCodec.java:122)
at org.openqa.selenium.remote.http.W3CHttpResponseCodec.decode(W3CHttpResponseCodec.java:49)
at org.openqa.selenium.remote.HttpCommandExecutor.execute(HttpCommandExecutor.java:158)
at org.openqa.selenium.remote.service.DriverCommandExecutor.execute(DriverCommandExecutor.java:83)
at org.openqa.selenium.remote.RemoteWebDriver.execute(RemoteWebDriver.java:552)
at org.openqa.selenium.remote.RemoteWebElement.execute(RemoteWebElement.java:285)
at org.openqa.selenium.remote.RemoteWebElement.click(RemoteWebElement.java:84)
at java.base/jdk.internal.reflect.NativeMethodAccessorImpl.invoke0(Native Method)
at java.base/jdk.internal.reflect.NativeMethodAccessorImpl.invoke(NativeMethodAccessorImpl.java:77)
at java.base/jdk.internal.reflect.DelegatingMethodAccessorImpl.invoke(DelegatingMethodAccessorImpl.java:43)
at java.base/java.lang.reflect.Method.invoke(Method.java:568)
at org.openqa.selenium.support.pagefactory.internal.LocatingElementHandler.invoke(LocatingElementHandler.java:51)
at jdk.proxy2/jdk.proxy2.$Proxy17.click(Unknown Source)
at pom.HomePage.clickOnPrice(HomePage.java:60)
at testClass.TestClass1.verify(TestClass1.java:68)
at java.base/jdk.internal.reflect.NativeMethodAccessorImpl.invoke0(Native Method)
at java.base/jdk.internal.reflect.NativeMethodAccessorImpl.invoke(NativeMethodAccessorImpl.java:77)
at java.base/jdk.internal.reflect.DelegatingMethodAccessorImpl.invoke(DelegatingMethodAccessorImpl.java:43)
at java.base/java.lang.reflect.Method.invoke(Method.java:568)
at org.testng.internal.MethodInvocationHelper.invokeMethod(MethodInvocationHelper.java:133)
at org.testng.internal.TestInvoker.invokeMethod(TestInvoker.java:598)
at org.testng.internal.TestInvoker.invokeTestMethod(TestInvoker.java:173)
at org.testng.internal.MethodRunner.runInSequence(MethodRunner.java:46)
at org.testng.internal.TestInvoker$MethodInvocationAgent.invoke(TestInvoker.java:824)
at org.testng.internal.TestInvoker.invokeTestMethods(TestInvoker.java:146)
at org.testng.internal.TestMethodWorker.invokeTestMethods(TestMethodWorker.java:146)
at org.testng.internal.TestMethodWorker.run(TestMethodWorker.java:128)
at java.base/java.util.concurrent.ThreadPoolExecutor.runWorker(ThreadPoolExecutor.java:1136)
at java.base/java.util.concurrent.ThreadPoolExecutor$Worker.run(ThreadPoolExecutor.java:635)
at java.base/java.lang.Thread.run(Thread.java:833)
]]>
            </full-stacktrace>
          </exception> <!-- org.openqa.selenium.ElementClickInterceptedException -->
          <reporter-output>
          </reporter-output>
        </test-method> <!-- verify -->
        <test-method is-config="true" signature="logoutGroww()[pri:0, instance:testClass.TestClass1@bd4dc25]" started-at="2022-04-02T18:01:44 IST" name="logoutGroww" finished-at="2022-04-02T18:01:44 IST" duration-ms="1" status="PASS">
          <reporter-output>
          </reporter-output>
        </test-method> <!-- logoutGroww -->
        <test-method is-config="true" signature="clearPOMObject()[pri:0, instance:testClass.TestClass1@bd4dc25]" started-at="2022-04-02T18:01:44 IST" name="clearPOMObject" finished-at="2022-04-02T18:01:44 IST" duration-ms="1" status="PASS">
          <reporter-output>
          </reporter-output>
        </test-method> <!-- clearPOMObject -->
        <test-method is-config="true" signature="closeBrowser()[pri:0, instance:testClass.TestClass1@bd4dc25]" started-at="2022-04-02T18:01:44 IST" name="closeBrowser" finished-at="2022-04-02T18:01:44 IST" duration-ms="1" status="PASS">
          <reporter-output>
          </reporter-output>
        </test-method> <!-- closeBrowser -->
      </class> <!-- testClass.TestClass1 -->
    </test> <!-- ChromeTest -->
  </suite> <!-- GrowSuite -->
</testng-results>
